/cvmfs/icecube.opensciencegrid.org/py3-v4.1.1/RHEL_7_x86_64/lib/python3.7/site-packages/astropy/config/configuration.py:532: ConfigurationMissingWarning: Configuration defaults will be used due to OSError:Could not find unix home directory to search for astropy config dir on None
  warn(ConfigurationMissingWarning(msg))
2022-07-12 00:22:27,355 INFO:NuRadioMC-EvtGen:increasing rmax from 4.0km to 4.0km, zmax from 0.0km to 0.0km
2022-07-12 00:22:27,355 INFO:NuRadioMC-EvtGen:decreasing rmin from 0.0km to 0.0km
2022-07-12 00:22:27,355 INFO:NuRadioMC-EvtGen:decreasing zmin from -2.7km to -2.7km
2022-07-12 00:22:27,355 INFO:NuRadioMC-EvtGen:increasing number of events to 10000
2022-07-12 00:22:27,355 INFO:NuRadioMC-EvtGen:processing batch 1/1 with 1e+04 events
2022-07-12 00:22:27,562 INFO:NuRadioMC-EvtGen:Time per event (PROPOSAL only): 0.0000 ms
2022-07-12 00:22:27,562 INFO:NuRadioMC-EvtGen:Total time (PROPOSAL only) 0s
2022-07-12 00:22:27,562 INFO:NuRadioMC-EvtGen:number of fiducial showers 12347
2022-07-12 00:22:27,563 INFO:NuRadioMC-EvtGen:saving 10000 events in total
2022-07-12 00:22:27,582 STATUS:NuRadioMC-EvtGen:writing file /home/tkiet/nuradiomc/events_submit/events_n1.000e04_5_16to20/events_n1.000e04_1_17to17_5/1.000e17/evt_1.000e17.hdf5.part0000 with 1000 events (id 1 - 1000) and 1221 entries
2022-07-12 00:22:27,600 STATUS:NuRadioMC-EvtGen:writing file /home/tkiet/nuradiomc/events_submit/events_n1.000e04_5_16to20/events_n1.000e04_1_17to17_5/1.000e17/evt_1.000e17.hdf5.part0001 with 1000 events (id 1001 - 2000) and 1229 entries
2022-07-12 00:22:27,617 STATUS:NuRadioMC-EvtGen:writing file /home/tkiet/nuradiomc/events_submit/events_n1.000e04_5_16to20/events_n1.000e04_1_17to17_5/1.000e17/evt_1.000e17.hdf5.part0002 with 1000 events (id 2001 - 3000) and 1240 entries
2022-07-12 00:22:27,634 STATUS:NuRadioMC-EvtGen:writing file /home/tkiet/nuradiomc/events_submit/events_n1.000e04_5_16to20/events_n1.000e04_1_17to17_5/1.000e17/evt_1.000e17.hdf5.part0003 with 1000 events (id 3001 - 4000) and 1241 entries
2022-07-12 00:22:27,651 STATUS:NuRadioMC-EvtGen:writing file /home/tkiet/nuradiomc/events_submit/events_n1.000e04_5_16to20/events_n1.000e04_1_17to17_5/1.000e17/evt_1.000e17.hdf5.part0004 with 1000 events (id 4001 - 5000) and 1210 entries
2022-07-12 00:22:27,669 STATUS:NuRadioMC-EvtGen:writing file /home/tkiet/nuradiomc/events_submit/events_n1.000e04_5_16to20/events_n1.000e04_1_17to17_5/1.000e17/evt_1.000e17.hdf5.part0005 with 1000 events (id 5001 - 6000) and 1212 entries
2022-07-12 00:22:27,687 STATUS:NuRadioMC-EvtGen:writing file /home/tkiet/nuradiomc/events_submit/events_n1.000e04_5_16to20/events_n1.000e04_1_17to17_5/1.000e17/evt_1.000e17.hdf5.part0006 with 1000 events (id 6001 - 7000) and 1234 entries
2022-07-12 00:22:27,705 STATUS:NuRadioMC-EvtGen:writing file /home/tkiet/nuradiomc/events_submit/events_n1.000e04_5_16to20/events_n1.000e04_1_17to17_5/1.000e17/evt_1.000e17.hdf5.part0007 with 1000 events (id 7001 - 8000) and 1241 entries
2022-07-12 00:22:27,723 STATUS:NuRadioMC-EvtGen:writing file /home/tkiet/nuradiomc/events_submit/events_n1.000e04_5_16to20/events_n1.000e04_1_17to17_5/1.000e17/evt_1.000e17.hdf5.part0008 with 1000 events (id 8001 - 9000) and 1253 entries
2022-07-12 00:22:27,741 STATUS:NuRadioMC-EvtGen:writing file /home/tkiet/nuradiomc/events_submit/events_n1.000e04_5_16to20/events_n1.000e04_1_17to17_5/1.000e17/evt_1.000e17.hdf5.part0009 with 1000 events (id 9001 - 10000) and 1266 entries
2022-07-12 00:22:27,758 INFO:NuRadioMC-EvtGen:wrote 10000 events in total
2022-07-12 00:22:27,759 STATUS:NuRadioMC-EvtGen:finished in 0s
