/cvmfs/icecube.opensciencegrid.org/py3-v4.1.1/RHEL_7_x86_64/lib/python3.7/site-packages/astropy/config/configuration.py:532: ConfigurationMissingWarning: Configuration defaults will be used due to OSError:Could not find unix home directory to search for astropy config dir on None
  warn(ConfigurationMissingWarning(msg))
2022-07-12 00:22:27,355 INFO:NuRadioMC-EvtGen:increasing rmax from 4.0km to 4.0km, zmax from 0.0km to 0.0km
2022-07-12 00:22:27,355 INFO:NuRadioMC-EvtGen:decreasing rmin from 0.0km to 0.0km
2022-07-12 00:22:27,356 INFO:NuRadioMC-EvtGen:decreasing zmin from -2.7km to -2.7km
2022-07-12 00:22:27,356 INFO:NuRadioMC-EvtGen:increasing number of events to 10000
2022-07-12 00:22:27,356 INFO:NuRadioMC-EvtGen:processing batch 1/1 with 1e+04 events
2022-07-12 00:22:27,528 INFO:NuRadioMC-EvtGen:Time per event (PROPOSAL only): 0.0000 ms
2022-07-12 00:22:27,528 INFO:NuRadioMC-EvtGen:Total time (PROPOSAL only) 0s
2022-07-12 00:22:27,528 INFO:NuRadioMC-EvtGen:number of fiducial showers 12472
2022-07-12 00:22:27,529 INFO:NuRadioMC-EvtGen:saving 10000 events in total
2022-07-12 00:22:27,578 STATUS:NuRadioMC-EvtGen:writing file /home/tkiet/nuradiomc/events_submit/events_n1.000e04_5_16to20/events_n1.000e04_1_18to18_3/1.000e18/evt_1.000e18.hdf5.part0000 with 1000 events (id 1 - 1000) and 1243 entries
2022-07-12 00:22:27,597 STATUS:NuRadioMC-EvtGen:writing file /home/tkiet/nuradiomc/events_submit/events_n1.000e04_5_16to20/events_n1.000e04_1_18to18_3/1.000e18/evt_1.000e18.hdf5.part0001 with 1000 events (id 1001 - 2000) and 1259 entries
2022-07-12 00:22:27,614 STATUS:NuRadioMC-EvtGen:writing file /home/tkiet/nuradiomc/events_submit/events_n1.000e04_5_16to20/events_n1.000e04_1_18to18_3/1.000e18/evt_1.000e18.hdf5.part0002 with 1000 events (id 2001 - 3000) and 1231 entries
2022-07-12 00:22:27,629 STATUS:NuRadioMC-EvtGen:writing file /home/tkiet/nuradiomc/events_submit/events_n1.000e04_5_16to20/events_n1.000e04_1_18to18_3/1.000e18/evt_1.000e18.hdf5.part0003 with 1000 events (id 3001 - 4000) and 1260 entries
2022-07-12 00:22:27,645 STATUS:NuRadioMC-EvtGen:writing file /home/tkiet/nuradiomc/events_submit/events_n1.000e04_5_16to20/events_n1.000e04_1_18to18_3/1.000e18/evt_1.000e18.hdf5.part0004 with 1000 events (id 4001 - 5000) and 1262 entries
2022-07-12 00:22:27,661 STATUS:NuRadioMC-EvtGen:writing file /home/tkiet/nuradiomc/events_submit/events_n1.000e04_5_16to20/events_n1.000e04_1_18to18_3/1.000e18/evt_1.000e18.hdf5.part0005 with 1000 events (id 5001 - 6000) and 1252 entries
2022-07-12 00:22:27,677 STATUS:NuRadioMC-EvtGen:writing file /home/tkiet/nuradiomc/events_submit/events_n1.000e04_5_16to20/events_n1.000e04_1_18to18_3/1.000e18/evt_1.000e18.hdf5.part0006 with 1000 events (id 6001 - 7000) and 1255 entries
2022-07-12 00:22:27,692 STATUS:NuRadioMC-EvtGen:writing file /home/tkiet/nuradiomc/events_submit/events_n1.000e04_5_16to20/events_n1.000e04_1_18to18_3/1.000e18/evt_1.000e18.hdf5.part0007 with 1000 events (id 7001 - 8000) and 1265 entries
2022-07-12 00:22:27,708 STATUS:NuRadioMC-EvtGen:writing file /home/tkiet/nuradiomc/events_submit/events_n1.000e04_5_16to20/events_n1.000e04_1_18to18_3/1.000e18/evt_1.000e18.hdf5.part0008 with 1000 events (id 8001 - 9000) and 1230 entries
2022-07-12 00:22:27,724 STATUS:NuRadioMC-EvtGen:writing file /home/tkiet/nuradiomc/events_submit/events_n1.000e04_5_16to20/events_n1.000e04_1_18to18_3/1.000e18/evt_1.000e18.hdf5.part0009 with 1000 events (id 9001 - 10000) and 1215 entries
2022-07-12 00:22:27,727 INFO:NuRadioMC-EvtGen:wrote 10000 events in total
2022-07-12 00:22:27,728 STATUS:NuRadioMC-EvtGen:finished in 0s
