/cvmfs/icecube.opensciencegrid.org/py3-v4.1.1/RHEL_7_x86_64/lib/python3.7/site-packages/astropy/config/configuration.py:532: ConfigurationMissingWarning: Configuration defaults will be used due to OSError:Could not find unix home directory to search for astropy config dir on None
  warn(ConfigurationMissingWarning(msg))
2022-07-12 00:23:30,839 INFO:NuRadioMC-EvtGen:increasing rmax from 4.0km to 4.0km, zmax from 0.0km to 0.0km
2022-07-12 00:23:30,841 INFO:NuRadioMC-EvtGen:decreasing rmin from 0.0km to 0.0km
2022-07-12 00:23:30,841 INFO:NuRadioMC-EvtGen:decreasing zmin from -2.7km to -2.7km
2022-07-12 00:23:30,841 INFO:NuRadioMC-EvtGen:increasing number of events to 10000
2022-07-12 00:23:30,842 INFO:NuRadioMC-EvtGen:processing batch 1/1 with 1e+04 events
2022-07-12 00:23:31,469 INFO:NuRadioMC-EvtGen:Time per event (PROPOSAL only): 0.0000 ms
2022-07-12 00:23:31,469 INFO:NuRadioMC-EvtGen:Total time (PROPOSAL only) 0s
2022-07-12 00:23:31,469 INFO:NuRadioMC-EvtGen:number of fiducial showers 12358
2022-07-12 00:23:31,471 INFO:NuRadioMC-EvtGen:saving 10000 events in total
2022-07-12 00:23:31,525 STATUS:NuRadioMC-EvtGen:writing file /home/tkiet/nuradiomc/events_submit/events_n1.000e04_5_16to20/events_n1.000e04_1_18to18_5/1.000e18/evt_1.000e18.hdf5.part0000 with 1000 events (id 1 - 1000) and 1241 entries
2022-07-12 00:23:31,574 STATUS:NuRadioMC-EvtGen:writing file /home/tkiet/nuradiomc/events_submit/events_n1.000e04_5_16to20/events_n1.000e04_1_18to18_5/1.000e18/evt_1.000e18.hdf5.part0001 with 1000 events (id 1001 - 2000) and 1228 entries
2022-07-12 00:23:31,623 STATUS:NuRadioMC-EvtGen:writing file /home/tkiet/nuradiomc/events_submit/events_n1.000e04_5_16to20/events_n1.000e04_1_18to18_5/1.000e18/evt_1.000e18.hdf5.part0002 with 1000 events (id 2001 - 3000) and 1247 entries
2022-07-12 00:23:31,675 STATUS:NuRadioMC-EvtGen:writing file /home/tkiet/nuradiomc/events_submit/events_n1.000e04_5_16to20/events_n1.000e04_1_18to18_5/1.000e18/evt_1.000e18.hdf5.part0003 with 1000 events (id 3001 - 4000) and 1251 entries
2022-07-12 00:23:31,732 STATUS:NuRadioMC-EvtGen:writing file /home/tkiet/nuradiomc/events_submit/events_n1.000e04_5_16to20/events_n1.000e04_1_18to18_5/1.000e18/evt_1.000e18.hdf5.part0004 with 1000 events (id 4001 - 5000) and 1208 entries
2022-07-12 00:23:31,783 STATUS:NuRadioMC-EvtGen:writing file /home/tkiet/nuradiomc/events_submit/events_n1.000e04_5_16to20/events_n1.000e04_1_18to18_5/1.000e18/evt_1.000e18.hdf5.part0005 with 1000 events (id 5001 - 6000) and 1239 entries
2022-07-12 00:23:31,839 STATUS:NuRadioMC-EvtGen:writing file /home/tkiet/nuradiomc/events_submit/events_n1.000e04_5_16to20/events_n1.000e04_1_18to18_5/1.000e18/evt_1.000e18.hdf5.part0006 with 1000 events (id 6001 - 7000) and 1234 entries
2022-07-12 00:23:31,886 STATUS:NuRadioMC-EvtGen:writing file /home/tkiet/nuradiomc/events_submit/events_n1.000e04_5_16to20/events_n1.000e04_1_18to18_5/1.000e18/evt_1.000e18.hdf5.part0007 with 1000 events (id 7001 - 8000) and 1230 entries
2022-07-12 00:23:31,934 STATUS:NuRadioMC-EvtGen:writing file /home/tkiet/nuradiomc/events_submit/events_n1.000e04_5_16to20/events_n1.000e04_1_18to18_5/1.000e18/evt_1.000e18.hdf5.part0008 with 1000 events (id 8001 - 9000) and 1240 entries
2022-07-12 00:23:31,983 STATUS:NuRadioMC-EvtGen:writing file /home/tkiet/nuradiomc/events_submit/events_n1.000e04_5_16to20/events_n1.000e04_1_18to18_5/1.000e18/evt_1.000e18.hdf5.part0009 with 1000 events (id 9001 - 10000) and 1240 entries
2022-07-12 00:23:31,990 INFO:NuRadioMC-EvtGen:wrote 10000 events in total
2022-07-12 00:23:31,991 STATUS:NuRadioMC-EvtGen:finished in 1s
