/cvmfs/icecube.opensciencegrid.org/py3-v4.1.1/RHEL_7_x86_64/lib/python3.7/site-packages/astropy/config/configuration.py:532: ConfigurationMissingWarning: Configuration defaults will be used due to OSError:Could not find unix home directory to search for astropy config dir on None
  warn(ConfigurationMissingWarning(msg))
2022-07-12 00:22:30,629 INFO:NuRadioMC-EvtGen:increasing rmax from 4.0km to 4.0km, zmax from 0.0km to 0.0km
2022-07-12 00:22:30,630 INFO:NuRadioMC-EvtGen:decreasing rmin from 0.0km to 0.0km
2022-07-12 00:22:30,631 INFO:NuRadioMC-EvtGen:decreasing zmin from -2.7km to -2.7km
2022-07-12 00:22:30,631 INFO:NuRadioMC-EvtGen:increasing number of events to 10000
2022-07-12 00:22:30,631 INFO:NuRadioMC-EvtGen:processing batch 1/1 with 1e+04 events
2022-07-12 00:22:31,500 INFO:NuRadioMC-EvtGen:Time per event (PROPOSAL only): 0.0000 ms
2022-07-12 00:22:31,501 INFO:NuRadioMC-EvtGen:Total time (PROPOSAL only) 0s
2022-07-12 00:22:31,501 INFO:NuRadioMC-EvtGen:number of fiducial showers 12325
2022-07-12 00:22:31,504 INFO:NuRadioMC-EvtGen:saving 10000 events in total
2022-07-12 00:22:34,630 STATUS:NuRadioMC-EvtGen:writing file /home/tkiet/nuradiomc/events_submit/events_n1.000e04_5_16to20/events_n1.000e04_1_16to16_7/1.000e16/evt_1.000e16.hdf5.part0000 with 1000 events (id 1 - 1000) and 1230 entries
2022-07-12 00:22:34,663 STATUS:NuRadioMC-EvtGen:writing file /home/tkiet/nuradiomc/events_submit/events_n1.000e04_5_16to20/events_n1.000e04_1_16to16_7/1.000e16/evt_1.000e16.hdf5.part0001 with 1000 events (id 1001 - 2000) and 1232 entries
2022-07-12 00:22:34,701 STATUS:NuRadioMC-EvtGen:writing file /home/tkiet/nuradiomc/events_submit/events_n1.000e04_5_16to20/events_n1.000e04_1_16to16_7/1.000e16/evt_1.000e16.hdf5.part0002 with 1000 events (id 2001 - 3000) and 1229 entries
2022-07-12 00:22:34,738 STATUS:NuRadioMC-EvtGen:writing file /home/tkiet/nuradiomc/events_submit/events_n1.000e04_5_16to20/events_n1.000e04_1_16to16_7/1.000e16/evt_1.000e16.hdf5.part0003 with 1000 events (id 3001 - 4000) and 1244 entries
2022-07-12 00:22:34,776 STATUS:NuRadioMC-EvtGen:writing file /home/tkiet/nuradiomc/events_submit/events_n1.000e04_5_16to20/events_n1.000e04_1_16to16_7/1.000e16/evt_1.000e16.hdf5.part0004 with 1000 events (id 4001 - 5000) and 1235 entries
2022-07-12 00:22:34,827 STATUS:NuRadioMC-EvtGen:writing file /home/tkiet/nuradiomc/events_submit/events_n1.000e04_5_16to20/events_n1.000e04_1_16to16_7/1.000e16/evt_1.000e16.hdf5.part0005 with 1000 events (id 5001 - 6000) and 1242 entries
2022-07-12 00:22:34,876 STATUS:NuRadioMC-EvtGen:writing file /home/tkiet/nuradiomc/events_submit/events_n1.000e04_5_16to20/events_n1.000e04_1_16to16_7/1.000e16/evt_1.000e16.hdf5.part0006 with 1000 events (id 6001 - 7000) and 1242 entries
2022-07-12 00:22:34,937 STATUS:NuRadioMC-EvtGen:writing file /home/tkiet/nuradiomc/events_submit/events_n1.000e04_5_16to20/events_n1.000e04_1_16to16_7/1.000e16/evt_1.000e16.hdf5.part0007 with 1000 events (id 7001 - 8000) and 1217 entries
2022-07-12 00:22:34,992 STATUS:NuRadioMC-EvtGen:writing file /home/tkiet/nuradiomc/events_submit/events_n1.000e04_5_16to20/events_n1.000e04_1_16to16_7/1.000e16/evt_1.000e16.hdf5.part0008 with 1000 events (id 8001 - 9000) and 1226 entries
2022-07-12 00:22:35,049 STATUS:NuRadioMC-EvtGen:writing file /home/tkiet/nuradiomc/events_submit/events_n1.000e04_5_16to20/events_n1.000e04_1_16to16_7/1.000e16/evt_1.000e16.hdf5.part0009 with 1000 events (id 9001 - 10000) and 1228 entries
2022-07-12 00:22:35,056 INFO:NuRadioMC-EvtGen:wrote 10000 events in total
2022-07-12 00:22:35,056 STATUS:NuRadioMC-EvtGen:finished in 4s
