/cvmfs/icecube.opensciencegrid.org/py3-v4.1.1/RHEL_7_x86_64/lib/python3.7/site-packages/astropy/config/configuration.py:532: ConfigurationMissingWarning: Configuration defaults will be used due to OSError:Could not find unix home directory to search for astropy config dir on None
  warn(ConfigurationMissingWarning(msg))
2022-07-12 00:22:29,182 INFO:NuRadioMC-EvtGen:increasing rmax from 4.0km to 4.0km, zmax from 0.0km to 0.0km
2022-07-12 00:22:29,183 INFO:NuRadioMC-EvtGen:decreasing rmin from 0.0km to 0.0km
2022-07-12 00:22:29,184 INFO:NuRadioMC-EvtGen:decreasing zmin from -2.7km to -2.7km
2022-07-12 00:22:29,184 INFO:NuRadioMC-EvtGen:increasing number of events to 10000
2022-07-12 00:22:29,184 INFO:NuRadioMC-EvtGen:processing batch 1/1 with 1e+04 events
2022-07-12 00:22:29,634 INFO:NuRadioMC-EvtGen:Time per event (PROPOSAL only): 0.0000 ms
2022-07-12 00:22:29,635 INFO:NuRadioMC-EvtGen:Total time (PROPOSAL only) 0s
2022-07-12 00:22:29,635 INFO:NuRadioMC-EvtGen:number of fiducial showers 12345
2022-07-12 00:22:29,636 INFO:NuRadioMC-EvtGen:saving 10000 events in total
2022-07-12 00:22:29,697 STATUS:NuRadioMC-EvtGen:writing file /home/tkiet/nuradiomc/events_submit/events_n1.000e04_5_16to20/events_n1.000e04_1_16to16_4/1.000e16/evt_1.000e16.hdf5.part0000 with 1000 events (id 1 - 1000) and 1249 entries
2022-07-12 00:22:29,733 STATUS:NuRadioMC-EvtGen:writing file /home/tkiet/nuradiomc/events_submit/events_n1.000e04_5_16to20/events_n1.000e04_1_16to16_4/1.000e16/evt_1.000e16.hdf5.part0001 with 1000 events (id 1001 - 2000) and 1209 entries
2022-07-12 00:22:29,768 STATUS:NuRadioMC-EvtGen:writing file /home/tkiet/nuradiomc/events_submit/events_n1.000e04_5_16to20/events_n1.000e04_1_16to16_4/1.000e16/evt_1.000e16.hdf5.part0002 with 1000 events (id 2001 - 3000) and 1220 entries
2022-07-12 00:22:29,802 STATUS:NuRadioMC-EvtGen:writing file /home/tkiet/nuradiomc/events_submit/events_n1.000e04_5_16to20/events_n1.000e04_1_16to16_4/1.000e16/evt_1.000e16.hdf5.part0003 with 1000 events (id 3001 - 4000) and 1270 entries
2022-07-12 00:22:29,837 STATUS:NuRadioMC-EvtGen:writing file /home/tkiet/nuradiomc/events_submit/events_n1.000e04_5_16to20/events_n1.000e04_1_16to16_4/1.000e16/evt_1.000e16.hdf5.part0004 with 1000 events (id 4001 - 5000) and 1222 entries
2022-07-12 00:22:29,873 STATUS:NuRadioMC-EvtGen:writing file /home/tkiet/nuradiomc/events_submit/events_n1.000e04_5_16to20/events_n1.000e04_1_16to16_4/1.000e16/evt_1.000e16.hdf5.part0005 with 1000 events (id 5001 - 6000) and 1235 entries
2022-07-12 00:22:29,909 STATUS:NuRadioMC-EvtGen:writing file /home/tkiet/nuradiomc/events_submit/events_n1.000e04_5_16to20/events_n1.000e04_1_16to16_4/1.000e16/evt_1.000e16.hdf5.part0006 with 1000 events (id 6001 - 7000) and 1218 entries
2022-07-12 00:22:29,945 STATUS:NuRadioMC-EvtGen:writing file /home/tkiet/nuradiomc/events_submit/events_n1.000e04_5_16to20/events_n1.000e04_1_16to16_4/1.000e16/evt_1.000e16.hdf5.part0007 with 1000 events (id 7001 - 8000) and 1235 entries
2022-07-12 00:22:29,982 STATUS:NuRadioMC-EvtGen:writing file /home/tkiet/nuradiomc/events_submit/events_n1.000e04_5_16to20/events_n1.000e04_1_16to16_4/1.000e16/evt_1.000e16.hdf5.part0008 with 1000 events (id 8001 - 9000) and 1231 entries
2022-07-12 00:22:30,017 STATUS:NuRadioMC-EvtGen:writing file /home/tkiet/nuradiomc/events_submit/events_n1.000e04_5_16to20/events_n1.000e04_1_16to16_4/1.000e16/evt_1.000e16.hdf5.part0009 with 1000 events (id 9001 - 10000) and 1256 entries
2022-07-12 00:22:30,023 INFO:NuRadioMC-EvtGen:wrote 10000 events in total
2022-07-12 00:22:30,023 STATUS:NuRadioMC-EvtGen:finished in 0s
