/cvmfs/icecube.opensciencegrid.org/py3-v4.1.1/RHEL_7_x86_64/lib/python3.7/site-packages/astropy/config/configuration.py:532: ConfigurationMissingWarning: Configuration defaults will be used due to OSError:Could not find unix home directory to search for astropy config dir on None
  warn(ConfigurationMissingWarning(msg))
2022-07-12 00:22:30,048 INFO:NuRadioMC-EvtGen:increasing rmax from 4.0km to 4.0km, zmax from 0.0km to 0.0km
2022-07-12 00:22:30,048 INFO:NuRadioMC-EvtGen:decreasing rmin from 0.0km to 0.0km
2022-07-12 00:22:30,048 INFO:NuRadioMC-EvtGen:decreasing zmin from -2.7km to -2.7km
2022-07-12 00:22:30,048 INFO:NuRadioMC-EvtGen:increasing number of events to 10000
2022-07-12 00:22:30,048 INFO:NuRadioMC-EvtGen:processing batch 1/1 with 1e+04 events
2022-07-12 00:22:30,214 INFO:NuRadioMC-EvtGen:Time per event (PROPOSAL only): 0.0000 ms
2022-07-12 00:22:30,214 INFO:NuRadioMC-EvtGen:Total time (PROPOSAL only) 0s
2022-07-12 00:22:30,214 INFO:NuRadioMC-EvtGen:number of fiducial showers 12355
2022-07-12 00:22:30,215 INFO:NuRadioMC-EvtGen:saving 10000 events in total
2022-07-12 00:22:30,236 STATUS:NuRadioMC-EvtGen:writing file /home/tkiet/nuradiomc/events_submit/events_n1.000e04_5_16to20/events_n1.000e04_1_19to19_7/1.000e19/evt_1.000e19.hdf5.part0000 with 1000 events (id 1 - 1000) and 1242 entries
2022-07-12 00:22:30,253 STATUS:NuRadioMC-EvtGen:writing file /home/tkiet/nuradiomc/events_submit/events_n1.000e04_5_16to20/events_n1.000e04_1_19to19_7/1.000e19/evt_1.000e19.hdf5.part0001 with 1000 events (id 1001 - 2000) and 1219 entries
2022-07-12 00:22:30,269 STATUS:NuRadioMC-EvtGen:writing file /home/tkiet/nuradiomc/events_submit/events_n1.000e04_5_16to20/events_n1.000e04_1_19to19_7/1.000e19/evt_1.000e19.hdf5.part0002 with 1000 events (id 2001 - 3000) and 1220 entries
2022-07-12 00:22:30,286 STATUS:NuRadioMC-EvtGen:writing file /home/tkiet/nuradiomc/events_submit/events_n1.000e04_5_16to20/events_n1.000e04_1_19to19_7/1.000e19/evt_1.000e19.hdf5.part0003 with 1000 events (id 3001 - 4000) and 1245 entries
2022-07-12 00:22:30,302 STATUS:NuRadioMC-EvtGen:writing file /home/tkiet/nuradiomc/events_submit/events_n1.000e04_5_16to20/events_n1.000e04_1_19to19_7/1.000e19/evt_1.000e19.hdf5.part0004 with 1000 events (id 4001 - 5000) and 1245 entries
2022-07-12 00:22:30,320 STATUS:NuRadioMC-EvtGen:writing file /home/tkiet/nuradiomc/events_submit/events_n1.000e04_5_16to20/events_n1.000e04_1_19to19_7/1.000e19/evt_1.000e19.hdf5.part0005 with 1000 events (id 5001 - 6000) and 1249 entries
2022-07-12 00:22:30,336 STATUS:NuRadioMC-EvtGen:writing file /home/tkiet/nuradiomc/events_submit/events_n1.000e04_5_16to20/events_n1.000e04_1_19to19_7/1.000e19/evt_1.000e19.hdf5.part0006 with 1000 events (id 6001 - 7000) and 1222 entries
2022-07-12 00:22:30,352 STATUS:NuRadioMC-EvtGen:writing file /home/tkiet/nuradiomc/events_submit/events_n1.000e04_5_16to20/events_n1.000e04_1_19to19_7/1.000e19/evt_1.000e19.hdf5.part0007 with 1000 events (id 7001 - 8000) and 1232 entries
2022-07-12 00:22:30,369 STATUS:NuRadioMC-EvtGen:writing file /home/tkiet/nuradiomc/events_submit/events_n1.000e04_5_16to20/events_n1.000e04_1_19to19_7/1.000e19/evt_1.000e19.hdf5.part0008 with 1000 events (id 8001 - 9000) and 1244 entries
2022-07-12 00:22:30,386 STATUS:NuRadioMC-EvtGen:writing file /home/tkiet/nuradiomc/events_submit/events_n1.000e04_5_16to20/events_n1.000e04_1_19to19_7/1.000e19/evt_1.000e19.hdf5.part0009 with 1000 events (id 9001 - 10000) and 1237 entries
2022-07-12 00:22:30,389 INFO:NuRadioMC-EvtGen:wrote 10000 events in total
2022-07-12 00:22:30,389 STATUS:NuRadioMC-EvtGen:finished in 0s
