/cvmfs/icecube.opensciencegrid.org/py3-v4.1.1/RHEL_7_x86_64/lib/python3.7/site-packages/astropy/config/configuration.py:532: ConfigurationMissingWarning: Configuration defaults will be used due to OSError:Could not find unix home directory to search for astropy config dir on None
  warn(ConfigurationMissingWarning(msg))
2022-07-12 00:22:30,053 INFO:NuRadioMC-EvtGen:increasing rmax from 4.0km to 4.0km, zmax from 0.0km to 0.0km
2022-07-12 00:22:30,053 INFO:NuRadioMC-EvtGen:decreasing rmin from 0.0km to 0.0km
2022-07-12 00:22:30,054 INFO:NuRadioMC-EvtGen:decreasing zmin from -2.7km to -2.7km
2022-07-12 00:22:30,054 INFO:NuRadioMC-EvtGen:increasing number of events to 10000
2022-07-12 00:22:30,054 INFO:NuRadioMC-EvtGen:processing batch 1/1 with 1e+04 events
2022-07-12 00:22:30,286 INFO:NuRadioMC-EvtGen:Time per event (PROPOSAL only): 0.0000 ms
2022-07-12 00:22:30,287 INFO:NuRadioMC-EvtGen:Total time (PROPOSAL only) 0s
2022-07-12 00:22:30,287 INFO:NuRadioMC-EvtGen:number of fiducial showers 12408
2022-07-12 00:22:30,288 INFO:NuRadioMC-EvtGen:saving 10000 events in total
2022-07-12 00:22:30,310 STATUS:NuRadioMC-EvtGen:writing file /home/tkiet/nuradiomc/events_submit/events_n1.000e04_5_16to20/events_n1.000e04_1_19to19_8/1.000e19/evt_1.000e19.hdf5.part0000 with 1000 events (id 1 - 1000) and 1238 entries
2022-07-12 00:22:30,333 STATUS:NuRadioMC-EvtGen:writing file /home/tkiet/nuradiomc/events_submit/events_n1.000e04_5_16to20/events_n1.000e04_1_19to19_8/1.000e19/evt_1.000e19.hdf5.part0001 with 1000 events (id 1001 - 2000) and 1223 entries
2022-07-12 00:22:30,355 STATUS:NuRadioMC-EvtGen:writing file /home/tkiet/nuradiomc/events_submit/events_n1.000e04_5_16to20/events_n1.000e04_1_19to19_8/1.000e19/evt_1.000e19.hdf5.part0002 with 1000 events (id 2001 - 3000) and 1261 entries
2022-07-12 00:22:30,377 STATUS:NuRadioMC-EvtGen:writing file /home/tkiet/nuradiomc/events_submit/events_n1.000e04_5_16to20/events_n1.000e04_1_19to19_8/1.000e19/evt_1.000e19.hdf5.part0003 with 1000 events (id 3001 - 4000) and 1238 entries
2022-07-12 00:22:30,399 STATUS:NuRadioMC-EvtGen:writing file /home/tkiet/nuradiomc/events_submit/events_n1.000e04_5_16to20/events_n1.000e04_1_19to19_8/1.000e19/evt_1.000e19.hdf5.part0004 with 1000 events (id 4001 - 5000) and 1226 entries
2022-07-12 00:22:30,421 STATUS:NuRadioMC-EvtGen:writing file /home/tkiet/nuradiomc/events_submit/events_n1.000e04_5_16to20/events_n1.000e04_1_19to19_8/1.000e19/evt_1.000e19.hdf5.part0005 with 1000 events (id 5001 - 6000) and 1250 entries
2022-07-12 00:22:30,443 STATUS:NuRadioMC-EvtGen:writing file /home/tkiet/nuradiomc/events_submit/events_n1.000e04_5_16to20/events_n1.000e04_1_19to19_8/1.000e19/evt_1.000e19.hdf5.part0006 with 1000 events (id 6001 - 7000) and 1248 entries
2022-07-12 00:22:30,465 STATUS:NuRadioMC-EvtGen:writing file /home/tkiet/nuradiomc/events_submit/events_n1.000e04_5_16to20/events_n1.000e04_1_19to19_8/1.000e19/evt_1.000e19.hdf5.part0007 with 1000 events (id 7001 - 8000) and 1251 entries
2022-07-12 00:22:30,488 STATUS:NuRadioMC-EvtGen:writing file /home/tkiet/nuradiomc/events_submit/events_n1.000e04_5_16to20/events_n1.000e04_1_19to19_8/1.000e19/evt_1.000e19.hdf5.part0008 with 1000 events (id 8001 - 9000) and 1245 entries
2022-07-12 00:22:30,510 STATUS:NuRadioMC-EvtGen:writing file /home/tkiet/nuradiomc/events_submit/events_n1.000e04_5_16to20/events_n1.000e04_1_19to19_8/1.000e19/evt_1.000e19.hdf5.part0009 with 1000 events (id 9001 - 10000) and 1228 entries
2022-07-12 00:22:30,515 INFO:NuRadioMC-EvtGen:wrote 10000 events in total
2022-07-12 00:22:30,515 STATUS:NuRadioMC-EvtGen:finished in 0s
